Watching for file changes with StatReloader
Watching for file changes with StatReloader
Unauthorized: /api/personnes/
"GET /api/personnes/ HTTP/1.1" 401 5241
"GET /static/rest_framework/css/bootstrap-tweaks.css HTTP/1.1" 200 3426
"GET /static/rest_framework/css/bootstrap.min.css HTTP/1.1" 200 121457
"GET /static/rest_framework/css/prettify.css HTTP/1.1" 200 817
"GET /static/rest_framework/css/default.css HTTP/1.1" 200 1152
"GET /static/rest_framework/js/ajax-form.js HTTP/1.1" 200 3796
"GET /static/rest_framework/js/csrf.js HTTP/1.1" 200 1793
"GET /static/rest_framework/js/jquery-3.7.1.min.js HTTP/1.1" 200 87533
"GET /static/rest_framework/js/prettify-min.js HTTP/1.1" 200 13632
"GET /static/rest_framework/js/bootstrap.min.js HTTP/1.1" 200 39680
"GET /static/rest_framework/js/load-ajax-form.js HTTP/1.1" 200 59
"GET /static/rest_framework/js/default.js HTTP/1.1" 200 1268
"GET /static/rest_framework/img/grid.png HTTP/1.1" 200 1458
Not Found: /favicon.ico
"GET /favicon.ico HTTP/1.1" 404 3439
C:\Users\Chiva\Documents\Stage-MESRS\stage_back_M\stage_back_M\MESRS\MESRS\settings.py changed, reloading.
Watching for file changes with StatReloader
Unauthorized: /api/personnes/
"GET /api/personnes/ HTTP/1.1" 401 5241
Unauthorized: /api/personnes/
"GET /api/personnes/ HTTP/1.1" 401 5241
Watching for file changes with StatReloader
Unauthorized: /api/personnes/
"GET /api/personnes/ HTTP/1.1" 401 5241
Unauthorized: /api/personnes/
"GET /api/personnes/ HTTP/1.1" 401 5241
"GET /static/rest_framework/css/bootstrap-tweaks.css HTTP/1.1" 200 3426
"GET /static/rest_framework/css/bootstrap.min.css HTTP/1.1" 200 121457
"GET /static/rest_framework/css/prettify.css HTTP/1.1" 200 817
"GET /static/rest_framework/css/default.css HTTP/1.1" 200 1152
"GET /static/rest_framework/js/jquery-3.7.1.min.js HTTP/1.1" 200 87533
"GET /static/rest_framework/js/ajax-form.js HTTP/1.1" 200 3796
"GET /static/rest_framework/js/csrf.js HTTP/1.1" 200 1793
"GET /static/rest_framework/js/bootstrap.min.js HTTP/1.1" 200 39680
"GET /static/rest_framework/js/prettify-min.js HTTP/1.1" 200 13632
"GET /static/rest_framework/js/default.js HTTP/1.1" 200 1268
"GET /static/rest_framework/js/load-ajax-form.js HTTP/1.1" 200 59
"GET /static/rest_framework/img/grid.png HTTP/1.1" 200 1458
Not Found: /favicon.ico
"GET /favicon.ico HTTP/1.1" 404 3439
C:\Users\Chiva\Documents\Stage-MESRS\stage_back_M\stage_back_M\MESRS\myapp\views.py changed, reloading.
Watching for file changes with StatReloader
C:\Users\Chiva\Documents\Stage-MESRS\stage_back_M\stage_back_M\MESRS\myapp\views.py changed, reloading.
Watching for file changes with StatReloader
C:\Users\Chiva\Documents\Stage-MESRS\stage_back_M\stage_back_M\MESRS\myapp\views.py changed, reloading.
Watching for file changes with StatReloader
C:\Users\Chiva\Documents\Stage-MESRS\stage_back_M\stage_back_M\MESRS\myapp\views.py changed, reloading.
Watching for file changes with StatReloader
C:\Users\Chiva\Documents\Stage-MESRS\stage_back_M\stage_back_M\MESRS\myapp\views.py changed, reloading.
Watching for file changes with StatReloader
C:\Users\Chiva\Documents\Stage-MESRS\stage_back_M\stage_back_M\MESRS\myapp\views.py changed, reloading.
Watching for file changes with StatReloader
C:\Users\Chiva\Documents\Stage-MESRS\stage_back_M\stage_back_M\MESRS\myapp\views.py changed, reloading.
Watching for file changes with StatReloader
C:\Users\Chiva\Documents\Stage-MESRS\stage_back_M\stage_back_M\MESRS\myapp\views.py changed, reloading.
Watching for file changes with StatReloader
C:\Users\Chiva\Documents\Stage-MESRS\stage_back_M\stage_back_M\MESRS\myapp\views.py changed, reloading.
Watching for file changes with StatReloader
C:\Users\Chiva\Documents\Stage-MESRS\stage_back_M\stage_back_M\MESRS\myapp\views.py changed, reloading.
Watching for file changes with StatReloader
"GET /api/personnes/ HTTP/1.1" 200 16898
"GET /static/rest_framework/fonts/glyphicons-halflings-regular.woff2 HTTP/1.1" 200 18028
"GET / HTTP/1.1" 302 0
"GET /api/ HTTP/1.1" 200 8227
"GET / HTTP/1.1" 302 0
"GET /api/ HTTP/1.1" 200 8227
"GET /static/rest_framework/css/bootstrap-tweaks.css HTTP/1.1" 200 3426
"GET /static/rest_framework/css/prettify.css HTTP/1.1" 200 817
"GET /static/rest_framework/css/default.css HTTP/1.1" 200 1152
"GET /static/rest_framework/js/ajax-form.js HTTP/1.1" 200 3796
"GET /static/rest_framework/js/csrf.js HTTP/1.1" 200 1793
"GET /static/rest_framework/css/bootstrap.min.css HTTP/1.1" 200 121457
"GET /static/rest_framework/js/jquery-3.7.1.min.js HTTP/1.1" 200 87533
"GET /static/rest_framework/js/load-ajax-form.js HTTP/1.1" 200 59
"GET /static/rest_framework/js/default.js HTTP/1.1" 200 1268
"GET /static/rest_framework/js/prettify-min.js HTTP/1.1" 200 13632
"GET /static/rest_framework/js/bootstrap.min.js HTTP/1.1" 200 39680
"GET /static/rest_framework/img/grid.png HTTP/1.1" 200 1458
Not Found: /favicon.ico
"GET /favicon.ico HTTP/1.1" 404 3439
"GET /api/structures/ HTTP/1.1" 200 12987
"GET /static/rest_framework/fonts/glyphicons-halflings-regular.woff2 HTTP/1.1" 200 18028
Watching for file changes with StatReloader
"GET / HTTP/1.1" 302 0
"GET /api/ HTTP/1.1" 200 8227
Not Found: /favicon.ico
"GET /favicon.ico HTTP/1.1" 404 3439
"GET /api/ HTTP/1.1" 200 8227
"OPTIONS /api/personnes/ HTTP/1.1" 200 0
"GET /api/personnes/ HTTP/1.1" 200 52
"GET /api/personnes/ HTTP/1.1" 200 52
"GET /api/personnes/ HTTP/1.1" 200 52
"GET /api/personnes/ HTTP/1.1" 200 16898
Bad Request: /api/personnes/
"POST /api/personnes/ HTTP/1.1" 400 421
"POST /api/personnes/ HTTP/1.1" 201 14748
"GET /api/personnes/ HTTP/1.1" 200 419
"GET /api/personnes/ HTTP/1.1" 200 419
"GET /api/personnes/ HTTP/1.1" 200 419
"GET /api/personnes/ HTTP/1.1" 200 419
Bad Request: /api/personnes/
"POST /api/personnes/ HTTP/1.1" 400 408
"GET /api/personnes/ HTTP/1.1" 200 419
"GET /api/personnes/ HTTP/1.1" 200 419
"POST /api/personnes/ HTTP/1.1" 201 452
"GET /api/personnes/ HTTP/1.1" 200 872
Bad Request: /api/personnes/
"POST /api/personnes/ HTTP/1.1" 400 408
"GET /api/personnes/ HTTP/1.1" 200 872
"GET /api/ HTTP/1.1" 200 1143
"GET /api/ HTTP/1.1" 200 1143
"GET /api/ HTTP/1.1" 200 1143
